Using pre-set license
Desktop is 1920 x 1080 @ 60 Hz

 COMMAND LINE ARGUMENTS:
Unity
-adb2
-batchMode
-noUpm
-name
AssetImportWorker0
-projectPath
/home/uruk380/UTC_UBUNTU/UnityLearn/Scripting/BeginnerScripting
-logFile
Logs/AssetImportWorker0.log
-srvPort
44483
Successfully changed project path to: /home/uruk380/UTC_UBUNTU/UnityLearn/Scripting/BeginnerScripting
/home/uruk380/UTC_UBUNTU/UnityLearn/Scripting/BeginnerScripting
Using Asset Import Pipeline V2.
Unable to load player prefs
Refreshing native plugins compatible for Editor in 18,52 ms, found 0 plugins.
Preloading 0 native plugins for Editor in 0,00 ms.
Initialize engine version: 2020.3.1f1 (77a89f25062f)
[Subsystems] Discovering subsystems at path /home/uruk380/Unity/Hub/Editor/2020.3.1f1/Editor/Data/Resources/UnitySubsystems
[Subsystems] Discovering subsystems at path /home/uruk380/UTC_UBUNTU/UnityLearn/Scripting/BeginnerScripting/Assets
GLX Extensions: GLX_ARB_create_context GLX_ARB_create_context_no_error GLX_ARB_create_context_profile GLX_ARB_create_context_robustness GLX_ARB_fbconfig_float GLX_ARB_framebuffer_sRGB GLX_ARB_get_proc_address GLX_ARB_multisample GLX_EXT_buffer_age GLX_EXT_create_context_es2_profile GLX_EXT_create_context_es_profile GLX_EXT_fbconfig_packed_float GLX_EXT_framebuffer_sRGB GLX_EXT_import_context GLX_EXT_texture_from_pixmap GLX_EXT_visual_info GLX_EXT_visual_rating GLX_INTEL_swap_event GLX_MESA_copy_sub_buffer GLX_MESA_query_renderer GLX_MESA_swap_control GLX_OML_swap_method GLX_OML_sync_control GLX_SGIS_multisample GLX_SGIX_fbconfig GLX_SGIX_pbuffer GLX_SGIX_visual_select_group GLX_SGI_make_current_read GLX_SGI_swap_control GLX_SGI_video_sync 
Renderer: Mesa Intel(R) Iris(R) Plus Graphics (ICL GT2)
Vendor:   Intel
Version:  4.6 (Core Profile) Mesa 20.2.6
GLES:     0
 GL_3DFX_texture_compression_FXT1 GL_AMD_conservative_depth GL_AMD_depth_clamp_separate GL_AMD_draw_buffers_blend GL_AMD_gpu_shader_int64 GL_AMD_multi_draw_indirect GL_AMD_performance_monitor GL_AMD_pinned_memory GL_AMD_query_buffer_object GL_AMD_seamless_cubemap_per_texture GL_AMD_shader_stencil_export GL_AMD_shader_trinary_minmax GL_AMD_texture_texture4 GL_AMD_vertex_shader_layer GL_AMD_vertex_shader_viewport_index GL_ANGLE_texture_compression_dxt3 GL_ANGLE_texture_compression_dxt5 GL_ARB_ES2_compatibility GL_ARB_ES3_1_compatibility GL_ARB_ES3_2_compatibility GL_ARB_ES3_compatibility GL_ARB_arrays_of_arrays GL_ARB_base_instance GL_ARB_blend_func_extended GL_ARB_buffer_storage GL_ARB_clear_buffer_object GL_ARB_clear_texture GL_ARB_clip_control GL_ARB_compressed_texture_pixel_storage GL_ARB_compute_shader GL_ARB_compute_variable_group_size GL_ARB_conditional_render_inverted GL_ARB_conservative_depth GL_ARB_copy_buffer GL_ARB_copy_image GL_ARB_cull_distance GL_ARB_debug_output GL_ARB_depth_buffer_float GL_ARB
_depth_clamp GL_ARB_derivative_control GL_ARB_direct_state_access GL_ARB_draw_buffers GL_ARB_draw_buffers_blend GL_ARB_draw_elements_base_vertex GL_ARB_draw_indirect GL_ARB_draw_instanced GL_ARB_enhanced_layouts GL_ARB_explicit_attrib_location GL_ARB_explicit_uniform_location GL_ARB_fragment_coord_conventions GL_ARB_fragment_layer_viewport GL_ARB_fragment_shader GL_ARB_fragment_shader_interlock GL_ARB_framebuffer_no_attachments GL_ARB_framebuffer_object GL_ARB_framebuffer_sRGB GL_ARB_get_program_binary GL_ARB_get_texture_sub_image GL_ARB_gl_spirv GL_ARB_gpu_shader5 GL_ARB_gpu_shader_fp64 GL_ARB_gpu_shader_int64 GL_ARB_half_float_pixel GL_ARB_half_float_vertex GL_ARB_indirect_parameters GL_ARB_instanced_arrays GL_ARB_internalformat_query GL_ARB_internalformat_query2 GL_ARB_invalidate_subdata GL_ARB_map_buffer_alignment GL_ARB_map_buffer_range GL_ARB_multi_bind GL_ARB_multi_draw_indirect GL_ARB_occlusion_query2 GL_ARB_parallel_shader_compile GL_ARB_pipeline_statistics_query GL_ARB_pixel_buffer_object GL_ARB_po
int_sprite GL_ARB_polygon_offset_clamp GL_ARB_post_depth_coverage GL_ARB_program_interface_query GL_ARB_provoking_vertex GL_ARB_query_buffer_object GL_ARB_robust_buffer_access_behavior GL_ARB_robustness GL_ARB_sample_shading GL_ARB_sampler_objects GL_ARB_seamless_cube_map GL_ARB_seamless_cubemap_per_texture GL_ARB_separate_shader_objects GL_ARB_shader_atomic_counter_ops GL_ARB_shader_atomic_counters GL_ARB_shader_ballot GL_ARB_shader_bit_encoding GL_ARB_shader_clock GL_ARB_shader_draw_parameters GL_ARB_shader_group_vote GL_ARB_shader_image_load_store GL_ARB_shader_image_size GL_ARB_shader_objects GL_ARB_shader_precision GL_ARB_shader_stencil_export GL_ARB_shader_storage_buffer_object GL_ARB_shader_subroutine GL_ARB_shader_texture_image_samples GL_ARB_shader_texture_lod GL_ARB_shader_viewport_layer_array GL_ARB_shading_language_420pack GL_ARB_shading_language_include GL_ARB_shading_language_packing GL_ARB_spirv_extensions GL_ARB_stencil_texturing GL_ARB_sync GL_ARB_tessellation_shader GL_ARB_texture_barrier G
L_ARB_texture_buffer_object GL_ARB_texture_buffer_object_rgb32 GL_ARB_texture_buffer_range GL_ARB_texture_compression_bptc GL_ARB_texture_compression_rgtc GL_ARB_texture_cube_map_array GL_ARB_texture_filter_anisotropic GL_ARB_texture_float GL_ARB_texture_gather GL_ARB_texture_mirror_clamp_to_edge GL_ARB_texture_multisample GL_ARB_texture_non_power_of_two GL_ARB_texture_query_levels GL_ARB_texture_query_lod GL_ARB_texture_rectangle GL_ARB_texture_rg GL_ARB_texture_rgb10_a2ui GL_ARB_texture_stencil8 GL_ARB_texture_storage GL_ARB_texture_storage_multisample GL_ARB_texture_swizzle GL_ARB_texture_view GL_ARB_timer_query GL_ARB_transform_feedback2 GL_ARB_transform_feedback3 GL_ARB_transform_feedback_instanced GL_ARB_transform_feedback_overflow_query GL_ARB_uniform_buffer_object GL_ARB_vertex_array_bgra GL_ARB_vertex_array_object GL_ARB_vertex_attrib_64bit GL_ARB_vertex_attrib_binding GL_ARB_vertex_buffer_object GL_ARB_vertex_shader GL_ARB_vertex_type_10f_11f_11f_rev GL_ARB_vertex_type_2_10_10_10_rev GL_ARB_viewpor
t_array GL_ATI_blend_equation_separate GL_ATI_texture_float GL_EXT_EGL_image_storage GL_EXT_EGL_sync GL_EXT_abgr GL_EXT_blend_equation_separate GL_EXT_demote_to_helper_invocation GL_EXT_draw_buffers2 GL_EXT_draw_instanced GL_EXT_framebuffer_blit GL_EXT_framebuffer_multisample GL_EXT_framebuffer_multisample_blit_scaled GL_EXT_framebuffer_object GL_EXT_framebuffer_sRGB GL_EXT_packed_depth_stencil GL_EXT_packed_float GL_EXT_pixel_buffer_object GL_EXT_polygon_offset_clamp GL_EXT_provoking_vertex GL_EXT_shader_framebuffer_fetch GL_EXT_shader_framebuffer_fetch_non_coherent GL_EXT_shader_integer_mix GL_EXT_shader_samples_identical GL_EXT_texture_array GL_EXT_texture_compression_dxt1 GL_EXT_texture_compression_rgtc GL_EXT_texture_compression_s3tc GL_EXT_texture_filter_anisotropic GL_EXT_texture_integer GL_EXT_texture_sRGB GL_EXT_texture_sRGB_R8 GL_EXT_texture_sRGB_decode GL_EXT_texture_shadow_lod GL_EXT_texture_shared_exponent GL_EXT_texture_snorm GL_EXT_texture_swizzle GL_EXT_timer_query GL_EXT_transform_feedback G
L_EXT_vertex_array_bgra GL_EXT_vertex_attrib_64bit GL_IBM_multimode_draw_arrays GL_INTEL_blackhole_render GL_INTEL_conservative_rasterization GL_INTEL_performance_query GL_INTEL_shader_atomic_float_minmax GL_INTEL_shader_integer_functions2 GL_KHR_blend_equation_advanced GL_KHR_blend_equation_advanced_coherent GL_KHR_context_flush_control GL_KHR_debug GL_KHR_no_error GL_KHR_parallel_shader_compile GL_KHR_robust_buffer_access_behavior GL_KHR_robustness GL_KHR_texture_compression_astc_ldr GL_KHR_texture_compression_astc_sliced_3d GL_MESA_framebuffer_flip_y GL_MESA_pack_invert GL_MESA_shader_integer_functions GL_MESA_texture_signed_rgba GL_NV_compute_shader_derivatives GL_NV_conditional_render GL_NV_copy_image GL_NV_depth_clamp GL_NV_fragment_shader_interlock GL_NV_packed_depth_stencil GL_NV_texture_barrier GL_OES_EGL_image GL_S3_s3tc
OPENGL LOG: Creating OpenGL 4.6 graphics device ; Context level  <OpenGL 4.5> ; Context handle 1979418368
Initialize mono
Mono path[0] = '/home/uruk380/Unity/Hub/Editor/2020.3.1f1/Editor/Data/Managed'
Mono path[1] = '/home/uruk380/Unity/Hub/Editor/2020.3.1f1/Editor/Data/MonoBleedingEdge/lib/mono/unityjit'
Mono config path = '/home/uruk380/Unity/Hub/Editor/2020.3.1f1/Editor/Data/MonoBleedingEdge/etc'
Using monoOptions --debugger-agent=transport=dt_socket,embedding=1,server=y,suspend=n,address=127.0.0.1:56338
Begin MonoManager ReloadAssembly
Registering precompiled unity dll's ...
Register platform support module: /home/uruk380/Unity/Hub/Editor/2020.3.1f1/Editor/Data/PlaybackEngines/WebGLSupport/UnityEditor.WebGL.Extensions.dll
Register platform support module: /home/uruk380/Unity/Hub/Editor/2020.3.1f1/Editor/Data/PlaybackEngines/WindowsStandaloneSupport/UnityEditor.WindowsStandalone.Extensions.dll
Register platform support module: /home/uruk380/Unity/Hub/Editor/2020.3.1f1/Editor/Data/PlaybackEngines/LinuxStandaloneSupport/UnityEditor.LinuxStandalone.Extensions.dll
Registered in 0,001216 seconds.
Native extension for LinuxStandalone target not found
Native extension for WindowsStandalone target not found
Native extension for WebGL target not found
Refreshing native plugins compatible for Editor in 21,12 ms, found 0 plugins.
Preloading 0 native plugins for Editor in 0,00 ms.
Invoked RoslynAnalysisRunner static constructor.
RoslynAnalysisRunner will not be running.
RoslynAnalysisRunner has terminated.
Mono: successfully reloaded assembly
- Completed reload, in  0,952 seconds
Platform modules already initialized, skipping
Registering precompiled user dll's ...
Registered in 0,000369 seconds.
Begin MonoManager ReloadAssembly
Native extension for LinuxStandalone target not found
Native extension for WindowsStandalone target not found
Native extension for WebGL target not found
Refreshing native plugins compatible for Editor in 0,18 ms, found 0 plugins.
Preloading 0 native plugins for Editor in 0,00 ms.
Invoked RoslynAnalysisRunner static constructor.
RoslynAnalysisRunner will not be running.
RoslynAnalysisRunner has terminated.
Mono: successfully reloaded assembly
- Completed reload, in  0,632 seconds
Platform modules already initialized, skipping
========================================================================
Worker process is ready to serve import requests
Launched and connected shader compiler UnityShaderCompiler after 0.01 seconds
Refreshing native plugins compatible for Editor in 0,19 ms, found 0 plugins.
Preloading 0 native plugins for Editor in 0,00 ms.
Unloading 1113 Unused Serialized files (Serialized files now loaded: 0)
System memory in use before: 51,2 MB.
System memory in use after: 51,2 MB.

Unloading 10 unused Assets to reduce memory usage. Loaded Objects now: 1555.
Total: 2,153076 ms (FindLiveObjects: 0,124869 ms CreateObjectMapping: 0,033389 ms MarkObjects: 1,879237 ms  DeleteObjects: 0,114550 ms)

========================================================================
Received Import Request.
  path: Assets/Scenes
  artifactKey: Guid(c2aef24aa91bd9cd4a2a61ae4c5a2797) Importer(815301076,1909f56bfc062723c751e8b465ee728b)
Start importing Assets/Scenes using Guid(c2aef24aa91bd9cd4a2a61ae4c5a2797) Importer(815301076,1909f56bfc062723c751e8b465ee728b)  -> (artifact id: '8845f0bca632957df3d7aba7f47dc9b5') in 0,003700 seconds
  Import took 0,006202 seconds .

========================================================================
Received Import Request.
  Time since last request: 5,724915 seconds.
  path: Assets/Scenes/Script
  artifactKey: Guid(73cf6250921b0201da4cffa6045026aa) Importer(815301076,1909f56bfc062723c751e8b465ee728b)
Start importing Assets/Scenes/Script using Guid(73cf6250921b0201da4cffa6045026aa) Importer(815301076,1909f56bfc062723c751e8b465ee728b)  -> (artifact id: '5baa48a6a07033e4cb4b81e8fb08c6b3') in 0,000902 seconds
  Import took 0,002545 seconds .

========================================================================
Received Import Request.
  Time since last request: 12,519994 seconds.
  path: Assets/Script/ChangeColor.cs
  artifactKey: Guid(eda02d62c96a7bc2faede783357b4a4e) Importer(815301076,1909f56bfc062723c751e8b465ee728b)
Start importing Assets/Script/ChangeColor.cs using Guid(eda02d62c96a7bc2faede783357b4a4e) Importer(815301076,1909f56bfc062723c751e8b465ee728b)  -> (artifact id: 'cb16cee07967947e5f92d2cf9bdd6408') in 0,001075 seconds
  Import took 0,002593 seconds .

========================================================================
Received Import Request.
  Time since last request: 0,002454 seconds.
  path: Assets/Script/ChangeColor.cs
  artifactKey: Guid(eda02d62c96a7bc2faede783357b4a4e) Importer(815301076,1909f56bfc062723c751e8b465ee728b)
Start importing Assets/Script/ChangeColor.cs using Guid(eda02d62c96a7bc2faede783357b4a4e) Importer(815301076,1909f56bfc062723c751e8b465ee728b)  -> (artifact id: 'cb16cee07967947e5f92d2cf9bdd6408') in 0,000555 seconds
  Import took 0,002231 seconds .

========================================================================
Received Prepare
Registering precompiled user dll's ...
Registered in 0,000356 seconds.
Begin MonoManager ReloadAssembly
Native extension for LinuxStandalone target not found
Native extension for WindowsStandalone target not found
Native extension for WebGL target not found
Refreshing native plugins compatible for Editor in 0,16 ms, found 0 plugins.
Preloading 0 native plugins for Editor in 0,00 ms.
Invoked RoslynAnalysisRunner static constructor.
RoslynAnalysisRunner will not be running.
RoslynAnalysisRunner has terminated.
Mono: successfully reloaded assembly
- Completed reload, in  0,593 seconds
Platform modules already initialized, skipping
Refreshing native plugins compatible for Editor in 0,19 ms, found 0 plugins.
Preloading 0 native plugins for Editor in 0,00 ms.
Unloading 1109 Unused Serialized files (Serialized files now loaded: 0)
System memory in use before: 51,2 MB.
System memory in use after: 51,3 MB.

Unloading 5 unused Assets to reduce memory usage. Loaded Objects now: 1559.
Total: 1,987596 ms (FindLiveObjects: 0,110405 ms CreateObjectMapping: 0,028436 ms MarkObjects: 1,798455 ms  DeleteObjects: 0,048613 ms)

========================================================================
Received Import Request.
  Time since last request: 176,140672 seconds.
  path: Assets/Script/ChangeColor.cs
  artifactKey: Guid(eda02d62c96a7bc2faede783357b4a4e) Importer(815301076,1909f56bfc062723c751e8b465ee728b)
Start importing Assets/Script/ChangeColor.cs using Guid(eda02d62c96a7bc2faede783357b4a4e) Importer(815301076,1909f56bfc062723c751e8b465ee728b)  -> (artifact id: '2b87a64afd33a9fadbc86c8d20cfd7ab') in 0,002984 seconds
  Import took 0,005019 seconds .

========================================================================
Received Prepare
Registering precompiled user dll's ...
Registered in 0,000362 seconds.
Begin MonoManager ReloadAssembly
Native extension for LinuxStandalone target not found
Native extension for WindowsStandalone target not found
Native extension for WebGL target not found
Refreshing native plugins compatible for Editor in 0,17 ms, found 0 plugins.
Preloading 0 native plugins for Editor in 0,00 ms.
Invoked RoslynAnalysisRunner static constructor.
RoslynAnalysisRunner will not be running.
RoslynAnalysisRunner has terminated.
Mono: successfully reloaded assembly
- Completed reload, in  0,650 seconds
Platform modules already initialized, skipping
Refreshing native plugins compatible for Editor in 0,20 ms, found 0 plugins.
Preloading 0 native plugins for Editor in 0,00 ms.
Unloading 1109 Unused Serialized files (Serialized files now loaded: 0)
System memory in use before: 51,3 MB.
System memory in use after: 51,3 MB.

Unloading 5 unused Assets to reduce memory usage. Loaded Objects now: 1562.
Total: 2,491605 ms (FindLiveObjects: 0,288690 ms CreateObjectMapping: 0,073497 ms MarkObjects: 2,075702 ms  DeleteObjects: 0,052150 ms)

========================================================================
Received Prepare
Registering precompiled user dll's ...
Registered in 0,000348 seconds.
Begin MonoManager ReloadAssembly
Native extension for LinuxStandalone target not found
Native extension for WindowsStandalone target not found
Native extension for WebGL target not found
Refreshing native plugins compatible for Editor in 0,17 ms, found 0 plugins.
Preloading 0 native plugins for Editor in 0,00 ms.
Invoked RoslynAnalysisRunner static constructor.
RoslynAnalysisRunner will not be running.
RoslynAnalysisRunner has terminated.
Mono: successfully reloaded assembly
- Completed reload, in  0,675 seconds
Platform modules already initialized, skipping
Refreshing native plugins compatible for Editor in 0,20 ms, found 0 plugins.
Preloading 0 native plugins for Editor in 0,00 ms.
Unloading 1109 Unused Serialized files (Serialized files now loaded: 0)
System memory in use before: 51,3 MB.
System memory in use after: 51,3 MB.

Unloading 5 unused Assets to reduce memory usage. Loaded Objects now: 1565.
Total: 2,592509 ms (FindLiveObjects: 0,146402 ms CreateObjectMapping: 0,038057 ms MarkObjects: 2,334305 ms  DeleteObjects: 0,071553 ms)

========================================================================
Received Import Request.
  Time since last request: 3237,718618 seconds.
  path: Assets/Script/PlayerController.cs
  artifactKey: Guid(9be10be6d1924e0f0895033b3552f0a2) Importer(815301076,1909f56bfc062723c751e8b465ee728b)
Start importing Assets/Script/PlayerController.cs using Guid(9be10be6d1924e0f0895033b3552f0a2) Importer(815301076,1909f56bfc062723c751e8b465ee728b)  -> (artifact id: '2df69ddc1ec129ee83d43f47533c44fa') in 0,002918 seconds
  Import took 0,004634 seconds .

========================================================================
Received Import Request.
  Time since last request: 0,001413 seconds.
  path: Assets/Script/PlayerController.cs
  artifactKey: Guid(9be10be6d1924e0f0895033b3552f0a2) Importer(815301076,1909f56bfc062723c751e8b465ee728b)
Start importing Assets/Script/PlayerController.cs using Guid(9be10be6d1924e0f0895033b3552f0a2) Importer(815301076,1909f56bfc062723c751e8b465ee728b)  -> (artifact id: '2df69ddc1ec129ee83d43f47533c44fa') in 0,000572 seconds
  Import took 0,002123 seconds .

========================================================================
Received Prepare
Registering precompiled user dll's ...
Registered in 0,000317 seconds.
Begin MonoManager ReloadAssembly
Native extension for LinuxStandalone target not found
Native extension for WindowsStandalone target not found
Native extension for WebGL target not found
Refreshing native plugins compatible for Editor in 0,17 ms, found 0 plugins.
Preloading 0 native plugins for Editor in 0,00 ms.
Invoked RoslynAnalysisRunner static constructor.
RoslynAnalysisRunner will not be running.
RoslynAnalysisRunner has terminated.
Mono: successfully reloaded assembly
- Completed reload, in  0,613 seconds
Platform modules already initialized, skipping
Refreshing native plugins compatible for Editor in 0,19 ms, found 0 plugins.
Preloading 0 native plugins for Editor in 0,00 ms.
Unloading 1110 Unused Serialized files (Serialized files now loaded: 0)
System memory in use before: 51,3 MB.
System memory in use after: 51,4 MB.

Unloading 5 unused Assets to reduce memory usage. Loaded Objects now: 1569.
Total: 1,808634 ms (FindLiveObjects: 0,114781 ms CreateObjectMapping: 0,026867 ms MarkObjects: 1,611945 ms  DeleteObjects: 0,053521 ms)

========================================================================
Received Import Request.
  Time since last request: 205,550067 seconds.
  path: Assets/Script/PlayerController.cs
  artifactKey: Guid(9be10be6d1924e0f0895033b3552f0a2) Importer(815301076,1909f56bfc062723c751e8b465ee728b)
Start importing Assets/Script/PlayerController.cs using Guid(9be10be6d1924e0f0895033b3552f0a2) Importer(815301076,1909f56bfc062723c751e8b465ee728b)  -> (artifact id: '5ca238c739165f61cbb75bbe3c0688e6') in 0,003116 seconds
  Import took 0,004683 seconds .

========================================================================
Received Import Request.
  Time since last request: 14,400410 seconds.
  path: Assets/Script/PlayerController.cs
  artifactKey: Guid(9be10be6d1924e0f0895033b3552f0a2) Importer(815301076,1909f56bfc062723c751e8b465ee728b)
Start importing Assets/Script/PlayerController.cs using Guid(9be10be6d1924e0f0895033b3552f0a2) Importer(815301076,1909f56bfc062723c751e8b465ee728b)  -> (artifact id: '0e53c8993efa97c4e20ba21dbf06aeb1') in 0,000796 seconds
  Import took 0,002312 seconds .

========================================================================
Received Prepare
Registering precompiled user dll's ...
Registered in 0,000407 seconds.
Begin MonoManager ReloadAssembly
Native extension for LinuxStandalone target not found
Native extension for WindowsStandalone target not found
Native extension for WebGL target not found
Refreshing native plugins compatible for Editor in 0,17 ms, found 0 plugins.
Preloading 0 native plugins for Editor in 0,00 ms.
Invoked RoslynAnalysisRunner static constructor.
RoslynAnalysisRunner will not be running.
RoslynAnalysisRunner has terminated.
Mono: successfully reloaded assembly
- Completed reload, in  0,638 seconds
Platform modules already initialized, skipping
Refreshing native plugins compatible for Editor in 0,23 ms, found 0 plugins.
Preloading 0 native plugins for Editor in 0,00 ms.
Unloading 1110 Unused Serialized files (Serialized files now loaded: 0)
System memory in use before: 51,3 MB.
System memory in use after: 51,4 MB.

Unloading 5 unused Assets to reduce memory usage. Loaded Objects now: 1572.
Total: 1,890301 ms (FindLiveObjects: 0,128739 ms CreateObjectMapping: 0,042548 ms MarkObjects: 1,664662 ms  DeleteObjects: 0,053137 ms)

========================================================================
Received Prepare
Registering precompiled user dll's ...
Registered in 0,000335 seconds.
Begin MonoManager ReloadAssembly
Native extension for LinuxStandalone target not found
Native extension for WindowsStandalone target not found
Native extension for WebGL target not found
Refreshing native plugins compatible for Editor in 0,26 ms, found 0 plugins.
Preloading 0 native plugins for Editor in 0,00 ms.
Invoked RoslynAnalysisRunner static constructor.
RoslynAnalysisRunner will not be running.
RoslynAnalysisRunner has terminated.
Mono: successfully reloaded assembly
- Completed reload, in  0,620 seconds
Platform modules already initialized, skipping
Refreshing native plugins compatible for Editor in 0,18 ms, found 0 plugins.
Preloading 0 native plugins for Editor in 0,00 ms.
Unloading 1118 Unused Serialized files (Serialized files now loaded: 0)
System memory in use before: 51,6 MB.
System memory in use after: 51,6 MB.

Unloading 5 unused Assets to reduce memory usage. Loaded Objects now: 1583.
Total: 2,239749 ms (FindLiveObjects: 0,115715 ms CreateObjectMapping: 0,032268 ms MarkObjects: 2,033088 ms  DeleteObjects: 0,057043 ms)

========================================================================
Received Prepare
Registering precompiled user dll's ...
Registered in 0,000350 seconds.
Begin MonoManager ReloadAssembly
Native extension for LinuxStandalone target not found
Native extension for WindowsStandalone target not found
Native extension for WebGL target not found
Refreshing native plugins compatible for Editor in 0,20 ms, found 0 plugins.
Preloading 0 native plugins for Editor in 0,00 ms.
Invoked RoslynAnalysisRunner static constructor.
RoslynAnalysisRunner will not be running.
RoslynAnalysisRunner has terminated.
Mono: successfully reloaded assembly
- Completed reload, in  0,594 seconds
Platform modules already initialized, skipping
Refreshing native plugins compatible for Editor in 0,26 ms, found 0 plugins.
Preloading 0 native plugins for Editor in 0,00 ms.
Unloading 1118 Unused Serialized files (Serialized files now loaded: 0)
System memory in use before: 51,6 MB.
System memory in use after: 51,7 MB.

Unloading 5 unused Assets to reduce memory usage. Loaded Objects now: 1586.
Total: 2,090186 ms (FindLiveObjects: 0,106173 ms CreateObjectMapping: 0,025801 ms MarkObjects: 1,895836 ms  DeleteObjects: 0,061290 ms)

========================================================================
Received Prepare
Registering precompiled user dll's ...
Registered in 0,000404 seconds.
Begin MonoManager ReloadAssembly
Native extension for LinuxStandalone target not found
Native extension for WindowsStandalone target not found
Native extension for WebGL target not found
Refreshing native plugins compatible for Editor in 0,17 ms, found 0 plugins.
Preloading 0 native plugins for Editor in 0,00 ms.
Invoked RoslynAnalysisRunner static constructor.
RoslynAnalysisRunner will not be running.
RoslynAnalysisRunner has terminated.
Mono: successfully reloaded assembly
- Completed reload, in  0,621 seconds
Platform modules already initialized, skipping
Refreshing native plugins compatible for Editor in 0,23 ms, found 0 plugins.
Preloading 0 native plugins for Editor in 0,00 ms.
Unloading 1118 Unused Serialized files (Serialized files now loaded: 0)
System memory in use before: 51,6 MB.
System memory in use after: 51,7 MB.

Unloading 5 unused Assets to reduce memory usage. Loaded Objects now: 1589.
Total: 2,037801 ms (FindLiveObjects: 0,141357 ms CreateObjectMapping: 0,055121 ms MarkObjects: 1,784917 ms  DeleteObjects: 0,055034 ms)

========================================================================
Received Import Request.
  Time since last request: 159,268314 seconds.
  path: Assets/Script/PlayerController.cs
  artifactKey: Guid(9be10be6d1924e0f0895033b3552f0a2) Importer(815301076,1909f56bfc062723c751e8b465ee728b)
Start importing Assets/Script/PlayerController.cs using Guid(9be10be6d1924e0f0895033b3552f0a2) Importer(815301076,1909f56bfc062723c751e8b465ee728b)  -> (artifact id: '25d4e49fd135c8a9dc7d558316f91724') in 0,002861 seconds
  Import took 0,004731 seconds .

========================================================================
Received Prepare
Registering precompiled user dll's ...
Registered in 0,000548 seconds.
Begin MonoManager ReloadAssembly
Native extension for LinuxStandalone target not found
Native extension for WindowsStandalone target not found
Native extension for WebGL target not found
Refreshing native plugins compatible for Editor in 0,20 ms, found 0 plugins.
Preloading 0 native plugins for Editor in 0,00 ms.
Invoked RoslynAnalysisRunner static constructor.
RoslynAnalysisRunner will not be running.
RoslynAnalysisRunner has terminated.
Mono: successfully reloaded assembly
- Completed reload, in  0,616 seconds
Platform modules already initialized, skipping
Refreshing native plugins compatible for Editor in 0,24 ms, found 0 plugins.
Preloading 0 native plugins for Editor in 0,00 ms.
Unloading 1118 Unused Serialized files (Serialized files now loaded: 0)
System memory in use before: 51,6 MB.
System memory in use after: 51,7 MB.

Unloading 5 unused Assets to reduce memory usage. Loaded Objects now: 1592.
Total: 2,321999 ms (FindLiveObjects: 0,125891 ms CreateObjectMapping: 0,056391 ms MarkObjects: 1,972623 ms  DeleteObjects: 0,164376 ms)

========================================================================
Received Prepare
Registering precompiled user dll's ...
Registered in 0,000377 seconds.
Begin MonoManager ReloadAssembly
Native extension for LinuxStandalone target not found
Native extension for WindowsStandalone target not found
Native extension for WebGL target not found
Refreshing native plugins compatible for Editor in 0,20 ms, found 0 plugins.
Preloading 0 native plugins for Editor in 0,00 ms.
Invoked RoslynAnalysisRunner static constructor.
RoslynAnalysisRunner will not be running.
RoslynAnalysisRunner has terminated.
Mono: successfully reloaded assembly
- Completed reload, in  0,646 seconds
Platform modules already initialized, skipping
Refreshing native plugins compatible for Editor in 0,20 ms, found 0 plugins.
Preloading 0 native plugins for Editor in 0,00 ms.
Unloading 1118 Unused Serialized files (Serialized files now loaded: 0)
System memory in use before: 51,6 MB.
System memory in use after: 51,7 MB.

Unloading 5 unused Assets to reduce memory usage. Loaded Objects now: 1595.
Total: 2,248676 ms (FindLiveObjects: 0,128301 ms CreateObjectMapping: 0,031960 ms MarkObjects: 2,009431 ms  DeleteObjects: 0,077436 ms)

========================================================================
Received Import Request.
  Time since last request: 67,279753 seconds.
  path: Assets/Script/FollowPlayer.cs
  artifactKey: Guid(22f727351fc02acea88a43940013a6ee) Importer(815301076,1909f56bfc062723c751e8b465ee728b)
Start importing Assets/Script/FollowPlayer.cs using Guid(22f727351fc02acea88a43940013a6ee) Importer(815301076,1909f56bfc062723c751e8b465ee728b)  -> (artifact id: '5c9679f40e06d4037710d4b0bb4846bb') in 0,003102 seconds
  Import took 0,004899 seconds .

========================================================================
Received Prepare
Registering precompiled user dll's ...
Registered in 0,000300 seconds.
Begin MonoManager ReloadAssembly
Native extension for LinuxStandalone target not found
Native extension for WindowsStandalone target not found
Native extension for WebGL target not found
Refreshing native plugins compatible for Editor in 0,20 ms, found 0 plugins.
Preloading 0 native plugins for Editor in 0,00 ms.
Invoked RoslynAnalysisRunner static constructor.
RoslynAnalysisRunner will not be running.
RoslynAnalysisRunner has terminated.
Mono: successfully reloaded assembly
- Completed reload, in  0,608 seconds
Platform modules already initialized, skipping
Refreshing native plugins compatible for Editor in 0,19 ms, found 0 plugins.
Preloading 0 native plugins for Editor in 0,00 ms.
Unloading 1119 Unused Serialized files (Serialized files now loaded: 0)
System memory in use before: 51,6 MB.
System memory in use after: 51,7 MB.

Unloading 5 unused Assets to reduce memory usage. Loaded Objects now: 1599.
Total: 2,298687 ms (FindLiveObjects: 0,190014 ms CreateObjectMapping: 0,032824 ms MarkObjects: 2,016851 ms  DeleteObjects: 0,057695 ms)

========================================================================
Received Import Request.
  Time since last request: 42,008123 seconds.
  path: Assets/Script/FollowPlayer.cs
  artifactKey: Guid(22f727351fc02acea88a43940013a6ee) Importer(815301076,1909f56bfc062723c751e8b465ee728b)
Start importing Assets/Script/FollowPlayer.cs using Guid(22f727351fc02acea88a43940013a6ee) Importer(815301076,1909f56bfc062723c751e8b465ee728b)  -> (artifact id: 'b6e79b84bc1ed2978c01cdbd9e36751a') in 0,002712 seconds
  Import took 0,004368 seconds .

========================================================================
Received Prepare
Registering precompiled user dll's ...
Registered in 0,000563 seconds.
Begin MonoManager ReloadAssembly
Native extension for LinuxStandalone target not found
Native extension for WindowsStandalone target not found
Native extension for WebGL target not found
Refreshing native plugins compatible for Editor in 0,17 ms, found 0 plugins.
Preloading 0 native plugins for Editor in 0,00 ms.
Invoked RoslynAnalysisRunner static constructor.
RoslynAnalysisRunner will not be running.
RoslynAnalysisRunner has terminated.
Mono: successfully reloaded assembly
- Completed reload, in  0,616 seconds
Platform modules already initialized, skipping
Refreshing native plugins compatible for Editor in 0,21 ms, found 0 plugins.
Preloading 0 native plugins for Editor in 0,00 ms.
Unloading 1119 Unused Serialized files (Serialized files now loaded: 0)
System memory in use before: 51,6 MB.
System memory in use after: 51,7 MB.

Unloading 5 unused Assets to reduce memory usage. Loaded Objects now: 1602.
Total: 1,975210 ms (FindLiveObjects: 0,106151 ms CreateObjectMapping: 0,027606 ms MarkObjects: 1,788493 ms  DeleteObjects: 0,051369 ms)

========================================================================
Received Prepare
Registering precompiled user dll's ...
Registered in 0,000379 seconds.
Begin MonoManager ReloadAssembly
Native extension for LinuxStandalone target not found
Native extension for WindowsStandalone target not found
Native extension for WebGL target not found
Refreshing native plugins compatible for Editor in 0,19 ms, found 0 plugins.
Preloading 0 native plugins for Editor in 0,00 ms.
Invoked RoslynAnalysisRunner static constructor.
RoslynAnalysisRunner will not be running.
RoslynAnalysisRunner has terminated.
Mono: successfully reloaded assembly
- Completed reload, in  0,658 seconds
Platform modules already initialized, skipping
Refreshing native plugins compatible for Editor in 0,17 ms, found 0 plugins.
Preloading 0 native plugins for Editor in 0,00 ms.
Unloading 1119 Unused Serialized files (Serialized files now loaded: 0)
System memory in use before: 51,6 MB.
System memory in use after: 51,7 MB.

Unloading 5 unused Assets to reduce memory usage. Loaded Objects now: 1605.
Total: 2,355771 ms (FindLiveObjects: 0,114640 ms CreateObjectMapping: 0,030934 ms MarkObjects: 2,156655 ms  DeleteObjects: 0,052004 ms)

========================================================================
Received Prepare
Registering precompiled user dll's ...
Registered in 0,000306 seconds.
Begin MonoManager ReloadAssembly
Native extension for LinuxStandalone target not found
Native extension for WindowsStandalone target not found
Native extension for WebGL target not found
Refreshing native plugins compatible for Editor in 0,26 ms, found 0 plugins.
Preloading 0 native plugins for Editor in 0,00 ms.
Invoked RoslynAnalysisRunner static constructor.
RoslynAnalysisRunner will not be running.
RoslynAnalysisRunner has terminated.
Mono: successfully reloaded assembly
- Completed reload, in  0,640 seconds
Platform modules already initialized, skipping
Refreshing native plugins compatible for Editor in 0,18 ms, found 0 plugins.
Preloading 0 native plugins for Editor in 0,00 ms.
Unloading 1119 Unused Serialized files (Serialized files now loaded: 0)
System memory in use before: 51,6 MB.
System memory in use after: 51,7 MB.

Unloading 5 unused Assets to reduce memory usage. Loaded Objects now: 1608.
Total: 2,167480 ms (FindLiveObjects: 0,112420 ms CreateObjectMapping: 0,029093 ms MarkObjects: 1,955254 ms  DeleteObjects: 0,069353 ms)

========================================================================
Received Prepare
Registering precompiled user dll's ...
Registered in 0,000499 seconds.
Begin MonoManager ReloadAssembly
Native extension for LinuxStandalone target not found
Native extension for WindowsStandalone target not found
Native extension for WebGL target not found
Refreshing native plugins compatible for Editor in 0,18 ms, found 0 plugins.
Preloading 0 native plugins for Editor in 0,00 ms.
Invoked RoslynAnalysisRunner static constructor.
RoslynAnalysisRunner will not be running.
RoslynAnalysisRunner has terminated.
Mono: successfully reloaded assembly
- Completed reload, in  0,640 seconds
Platform modules already initialized, skipping
Refreshing native plugins compatible for Editor in 0,25 ms, found 0 plugins.
Preloading 0 native plugins for Editor in 0,00 ms.
Unloading 1119 Unused Serialized files (Serialized files now loaded: 0)
System memory in use before: 51,6 MB.
System memory in use after: 51,7 MB.

Unloading 5 unused Assets to reduce memory usage. Loaded Objects now: 1611.
Total: 2,117461 ms (FindLiveObjects: 0,112164 ms CreateObjectMapping: 0,035644 ms MarkObjects: 1,910122 ms  DeleteObjects: 0,058422 ms)

========================================================================
Received Import Request.
  Time since last request: 103,930055 seconds.
  path: Assets/Script/FollowPlayer.cs
  artifactKey: Guid(22f727351fc02acea88a43940013a6ee) Importer(815301076,1909f56bfc062723c751e8b465ee728b)
Start importing Assets/Script/FollowPlayer.cs using Guid(22f727351fc02acea88a43940013a6ee) Importer(815301076,1909f56bfc062723c751e8b465ee728b)  -> (artifact id: '14c3ba99f81de4740f14705bb194403f') in 0,002907 seconds
  Import took 0,004621 seconds .

========================================================================
Received Import Request.
  Time since last request: 0,003404 seconds.
  path: Assets/Script/FollowPlayer.cs
  artifactKey: Guid(22f727351fc02acea88a43940013a6ee) Importer(815301076,1909f56bfc062723c751e8b465ee728b)
Start importing Assets/Script/FollowPlayer.cs using Guid(22f727351fc02acea88a43940013a6ee) Importer(815301076,1909f56bfc062723c751e8b465ee728b)  -> (artifact id: '14c3ba99f81de4740f14705bb194403f') in 0,000856 seconds
  Import took 0,003288 seconds .

========================================================================
Received Import Request.
  Time since last request: 6,207978 seconds.
  path: Assets/Script/ChangeColor1.cs
  artifactKey: Guid(c9cb110bbec18d3229fed38ea9889372) Importer(815301076,1909f56bfc062723c751e8b465ee728b)
Start importing Assets/Script/ChangeColor1.cs using Guid(c9cb110bbec18d3229fed38ea9889372) Importer(815301076,1909f56bfc062723c751e8b465ee728b)  -> (artifact id: 'bc8837b4438f7aa4d3d16de74b81854b') in 0,001011 seconds
  Import took 0,002573 seconds .

========================================================================
Received Import Request.
  Time since last request: 0,001649 seconds.
  path: Assets/Script/ChangeColor1.cs
  artifactKey: Guid(c9cb110bbec18d3229fed38ea9889372) Importer(815301076,1909f56bfc062723c751e8b465ee728b)
Start importing Assets/Script/ChangeColor1.cs using Guid(c9cb110bbec18d3229fed38ea9889372) Importer(815301076,1909f56bfc062723c751e8b465ee728b)  -> (artifact id: 'bc8837b4438f7aa4d3d16de74b81854b') in 0,001306 seconds
  Import took 0,003088 seconds .

========================================================================
Received Import Request.
  Time since last request: 21,725484 seconds.
  path: Assets/Script/ChangeColor1.cs
  artifactKey: Guid(c9cb110bbec18d3229fed38ea9889372) Importer(815301076,1909f56bfc062723c751e8b465ee728b)
Start importing Assets/Script/ChangeColor1.cs using Guid(c9cb110bbec18d3229fed38ea9889372) Importer(815301076,1909f56bfc062723c751e8b465ee728b)  -> (artifact id: '709577ea4a09d3c4ebe7412cd83b611e') in 0,000743 seconds
  Import took 0,002381 seconds .

========================================================================
Received Import Request.
  Time since last request: 12,308165 seconds.
  path: Assets/Script/ChangeColor1.cs
  artifactKey: Guid(c9cb110bbec18d3229fed38ea9889372) Importer(815301076,1909f56bfc062723c751e8b465ee728b)
Start importing Assets/Script/ChangeColor1.cs using Guid(c9cb110bbec18d3229fed38ea9889372) Importer(815301076,1909f56bfc062723c751e8b465ee728b)  -> (artifact id: 'ed00bb6193882257a8334b9d1836187b') in 0,001032 seconds
  Import took 0,002968 seconds .

========================================================================
Received Prepare
Registering precompiled user dll's ...
Registered in 0,000483 seconds.
Begin MonoManager ReloadAssembly
Native extension for LinuxStandalone target not found
Native extension for WindowsStandalone target not found
Native extension for WebGL target not found
Refreshing native plugins compatible for Editor in 0,16 ms, found 0 plugins.
Preloading 0 native plugins for Editor in 0,00 ms.
Invoked RoslynAnalysisRunner static constructor.
RoslynAnalysisRunner will not be running.
RoslynAnalysisRunner has terminated.
Mono: successfully reloaded assembly
- Completed reload, in  0,638 seconds
Platform modules already initialized, skipping
Refreshing native plugins compatible for Editor in 0,25 ms, found 0 plugins.
Preloading 0 native plugins for Editor in 0,00 ms.
Unloading 1120 Unused Serialized files (Serialized files now loaded: 0)
System memory in use before: 51,7 MB.
System memory in use after: 51,7 MB.

Unloading 5 unused Assets to reduce memory usage. Loaded Objects now: 1615.
Total: 1,880918 ms (FindLiveObjects: 0,131702 ms CreateObjectMapping: 0,044179 ms MarkObjects: 1,640386 ms  DeleteObjects: 0,062765 ms)

========================================================================
Received Import Request.
  Time since last request: 10,817628 seconds.
  path: Assets/Script/ChangeColorPlane.cs
  artifactKey: Guid(c9cb110bbec18d3229fed38ea9889372) Importer(815301076,1909f56bfc062723c751e8b465ee728b)
Start importing Assets/Script/ChangeColorPlane.cs using Guid(c9cb110bbec18d3229fed38ea9889372) Importer(815301076,1909f56bfc062723c751e8b465ee728b)  -> (artifact id: '6978e143f996293c014122df28c11498') in 0,002770 seconds
  Import took 0,004398 seconds .

========================================================================
Received Prepare
Registering precompiled user dll's ...
Registered in 0,000314 seconds.
Begin MonoManager ReloadAssembly
Native extension for LinuxStandalone target not found
Native extension for WindowsStandalone target not found
Native extension for WebGL target not found
Refreshing native plugins compatible for Editor in 0,17 ms, found 0 plugins.
Preloading 0 native plugins for Editor in 0,00 ms.
Invoked RoslynAnalysisRunner static constructor.
RoslynAnalysisRunner will not be running.
RoslynAnalysisRunner has terminated.
Mono: successfully reloaded assembly
- Completed reload, in  0,650 seconds
Platform modules already initialized, skipping
Refreshing native plugins compatible for Editor in 0,20 ms, found 0 plugins.
Preloading 0 native plugins for Editor in 0,00 ms.
Unloading 1120 Unused Serialized files (Serialized files now loaded: 0)
System memory in use before: 51,7 MB.
System memory in use after: 51,7 MB.

Unloading 5 unused Assets to reduce memory usage. Loaded Objects now: 1618.
Total: 1,993176 ms (FindLiveObjects: 0,113947 ms CreateObjectMapping: 0,028795 ms MarkObjects: 1,779530 ms  DeleteObjects: 0,069137 ms)

========================================================================
Received Prepare
Registering precompiled user dll's ...
Registered in 0,000480 seconds.
Begin MonoManager ReloadAssembly
Native extension for LinuxStandalone target not found
Native extension for WindowsStandalone target not found
Native extension for WebGL target not found
Refreshing native plugins compatible for Editor in 0,23 ms, found 0 plugins.
Preloading 0 native plugins for Editor in 0,00 ms.
Invoked RoslynAnalysisRunner static constructor.
RoslynAnalysisRunner will not be running.
RoslynAnalysisRunner has terminated.
Mono: successfully reloaded assembly
- Completed reload, in  0,640 seconds
Platform modules already initialized, skipping
Refreshing native plugins compatible for Editor in 0,19 ms, found 0 plugins.
Preloading 0 native plugins for Editor in 0,00 ms.
Unloading 1120 Unused Serialized files (Serialized files now loaded: 0)
System memory in use before: 51,7 MB.
System memory in use after: 51,7 MB.

Unloading 5 unused Assets to reduce memory usage. Loaded Objects now: 1621.
Total: 2,328079 ms (FindLiveObjects: 0,117653 ms CreateObjectMapping: 0,032680 ms MarkObjects: 2,122911 ms  DeleteObjects: 0,053582 ms)

========================================================================
Received Prepare
Registering precompiled user dll's ...
Registered in 0,000362 seconds.
Begin MonoManager ReloadAssembly
Native extension for LinuxStandalone target not found
Native extension for WindowsStandalone target not found
Native extension for WebGL target not found
Refreshing native plugins compatible for Editor in 0,18 ms, found 0 plugins.
Preloading 0 native plugins for Editor in 0,00 ms.
Invoked RoslynAnalysisRunner static constructor.
RoslynAnalysisRunner will not be running.
RoslynAnalysisRunner has terminated.
Mono: successfully reloaded assembly
- Completed reload, in  0,636 seconds
Platform modules already initialized, skipping
Refreshing native plugins compatible for Editor in 0,19 ms, found 0 plugins.
Preloading 0 native plugins for Editor in 0,00 ms.
Unloading 1120 Unused Serialized files (Serialized files now loaded: 0)
System memory in use before: 51,7 MB.
System memory in use after: 51,7 MB.

Unloading 5 unused Assets to reduce memory usage. Loaded Objects now: 1624.
Total: 2,724002 ms (FindLiveObjects: 0,192060 ms CreateObjectMapping: 0,059419 ms MarkObjects: 2,399865 ms  DeleteObjects: 0,070271 ms)

========================================================================
Received Prepare
Registering precompiled user dll's ...
Registered in 0,000384 seconds.
Begin MonoManager ReloadAssembly
Native extension for LinuxStandalone target not found
Native extension for WindowsStandalone target not found
Native extension for WebGL target not found
Refreshing native plugins compatible for Editor in 0,21 ms, found 0 plugins.
Preloading 0 native plugins for Editor in 0,00 ms.
Invoked RoslynAnalysisRunner static constructor.
RoslynAnalysisRunner will not be running.
RoslynAnalysisRunner has terminated.
Mono: successfully reloaded assembly
- Completed reload, in  0,685 seconds
Platform modules already initialized, skipping
Refreshing native plugins compatible for Editor in 0,20 ms, found 0 plugins.
Preloading 0 native plugins for Editor in 0,00 ms.
Unloading 1120 Unused Serialized files (Serialized files now loaded: 0)
System memory in use before: 51,7 MB.
System memory in use after: 51,8 MB.

Unloading 5 unused Assets to reduce memory usage. Loaded Objects now: 1627.
Total: 2,159014 ms (FindLiveObjects: 0,119713 ms CreateObjectMapping: 0,036545 ms MarkObjects: 1,947144 ms  DeleteObjects: 0,054574 ms)

========================================================================
Received Prepare
Registering precompiled user dll's ...
Registered in 0,000353 seconds.
Begin MonoManager ReloadAssembly
Native extension for LinuxStandalone target not found
Native extension for WindowsStandalone target not found
Native extension for WebGL target not found
Refreshing native plugins compatible for Editor in 0,25 ms, found 0 plugins.
Preloading 0 native plugins for Editor in 0,00 ms.
Invoked RoslynAnalysisRunner static constructor.
RoslynAnalysisRunner will not be running.
RoslynAnalysisRunner has terminated.
Mono: successfully reloaded assembly
- Completed reload, in  0,622 seconds
Platform modules already initialized, skipping
Refreshing native plugins compatible for Editor in 0,18 ms, found 0 plugins.
Preloading 0 native plugins for Editor in 0,00 ms.
Unloading 1120 Unused Serialized files (Serialized files now loaded: 0)
System memory in use before: 51,7 MB.
System memory in use after: 51,8 MB.

Unloading 5 unused Assets to reduce memory usage. Loaded Objects now: 1630.
Total: 2,235896 ms (FindLiveObjects: 0,117241 ms CreateObjectMapping: 0,034969 ms MarkObjects: 2,028008 ms  DeleteObjects: 0,053870 ms)

========================================================================
Received Import Request.
  Time since last request: 2133,084007 seconds.
  path: Assets/Script/PlayerController.cs
  artifactKey: Guid(9be10be6d1924e0f0895033b3552f0a2) Importer(815301076,1909f56bfc062723c751e8b465ee728b)
Start importing Assets/Script/PlayerController.cs using Guid(9be10be6d1924e0f0895033b3552f0a2) Importer(815301076,1909f56bfc062723c751e8b465ee728b)  -> (artifact id: '6e98459ef4c1df30ffdda4a3d6ae1673') in 0,003137 seconds
  Import took 0,004920 seconds .

========================================================================
Received Prepare
Registering precompiled user dll's ...
Registered in 0,000385 seconds.
Begin MonoManager ReloadAssembly
Native extension for LinuxStandalone target not found
Native extension for WindowsStandalone target not found
Native extension for WebGL target not found
Refreshing native plugins compatible for Editor in 0,16 ms, found 0 plugins.
Preloading 0 native plugins for Editor in 0,00 ms.
Invoked RoslynAnalysisRunner static constructor.
RoslynAnalysisRunner will not be running.
RoslynAnalysisRunner has terminated.
Mono: successfully reloaded assembly
- Completed reload, in  0,647 seconds
Platform modules already initialized, skipping
Refreshing native plugins compatible for Editor in 0,19 ms, found 0 plugins.
Preloading 0 native plugins for Editor in 0,00 ms.
Unloading 1120 Unused Serialized files (Serialized files now loaded: 0)
System memory in use before: 51,7 MB.
System memory in use after: 51,8 MB.

Unloading 5 unused Assets to reduce memory usage. Loaded Objects now: 1633.
Total: 2,202995 ms (FindLiveObjects: 0,129695 ms CreateObjectMapping: 0,031409 ms MarkObjects: 1,978784 ms  DeleteObjects: 0,062033 ms)

========================================================================
Received Prepare
Registering precompiled user dll's ...
Registered in 0,000345 seconds.
Begin MonoManager ReloadAssembly
Native extension for LinuxStandalone target not found
Native extension for WindowsStandalone target not found
Native extension for WebGL target not found
Refreshing native plugins compatible for Editor in 0,26 ms, found 0 plugins.
Preloading 0 native plugins for Editor in 0,00 ms.
Invoked RoslynAnalysisRunner static constructor.
RoslynAnalysisRunner will not be running.
RoslynAnalysisRunner has terminated.
Mono: successfully reloaded assembly
- Completed reload, in  0,645 seconds
Platform modules already initialized, skipping
Refreshing native plugins compatible for Editor in 0,18 ms, found 0 plugins.
Preloading 0 native plugins for Editor in 0,00 ms.
Unloading 1120 Unused Serialized files (Serialized files now loaded: 0)
System memory in use before: 51,7 MB.
System memory in use after: 51,8 MB.

Unloading 5 unused Assets to reduce memory usage. Loaded Objects now: 1636.
Total: 2,352172 ms (FindLiveObjects: 0,128424 ms CreateObjectMapping: 0,032926 ms MarkObjects: 2,114294 ms  DeleteObjects: 0,074828 ms)

========================================================================
Received Prepare
Registering precompiled user dll's ...
Registered in 0,000367 seconds.
Begin MonoManager ReloadAssembly
Native extension for LinuxStandalone target not found
Native extension for WindowsStandalone target not found
Native extension for WebGL target not found
Refreshing native plugins compatible for Editor in 0,18 ms, found 0 plugins.
Preloading 0 native plugins for Editor in 0,00 ms.
Invoked RoslynAnalysisRunner static constructor.
RoslynAnalysisRunner will not be running.
RoslynAnalysisRunner has terminated.
Mono: successfully reloaded assembly
- Completed reload, in  0,712 seconds
Platform modules already initialized, skipping
Refreshing native plugins compatible for Editor in 0,20 ms, found 0 plugins.
Preloading 0 native plugins for Editor in 0,00 ms.
Unloading 1120 Unused Serialized files (Serialized files now loaded: 0)
System memory in use before: 51,7 MB.
System memory in use after: 51,8 MB.

Unloading 5 unused Assets to reduce memory usage. Loaded Objects now: 1639.
Total: 2,230003 ms (FindLiveObjects: 0,221014 ms CreateObjectMapping: 0,061147 ms MarkObjects: 1,890956 ms  DeleteObjects: 0,054912 ms)

========================================================================
Received Prepare
Registering precompiled user dll's ...
Registered in 0,000350 seconds.
Begin MonoManager ReloadAssembly
Native extension for LinuxStandalone target not found
Native extension for WindowsStandalone target not found
Native extension for WebGL target not found
Refreshing native plugins compatible for Editor in 0,18 ms, found 0 plugins.
Preloading 0 native plugins for Editor in 0,00 ms.
Invoked RoslynAnalysisRunner static constructor.
RoslynAnalysisRunner will not be running.
RoslynAnalysisRunner has terminated.
Mono: successfully reloaded assembly
- Completed reload, in  0,641 seconds
Platform modules already initialized, skipping
Refreshing native plugins compatible for Editor in 0,17 ms, found 0 plugins.
Preloading 0 native plugins for Editor in 0,00 ms.
Unloading 1120 Unused Serialized files (Serialized files now loaded: 0)
System memory in use before: 51,7 MB.
System memory in use after: 51,8 MB.

Unloading 5 unused Assets to reduce memory usage. Loaded Objects now: 1642.
Total: 2,315102 ms (FindLiveObjects: 0,114056 ms CreateObjectMapping: 0,028263 ms MarkObjects: 2,118832 ms  DeleteObjects: 0,052298 ms)

========================================================================
Received Prepare
Registering precompiled user dll's ...
Registered in 0,000346 seconds.
Begin MonoManager ReloadAssembly
Native extension for LinuxStandalone target not found
Native extension for WindowsStandalone target not found
Native extension for WebGL target not found
Refreshing native plugins compatible for Editor in 0,30 ms, found 0 plugins.
Preloading 0 native plugins for Editor in 0,00 ms.
Invoked RoslynAnalysisRunner static constructor.
RoslynAnalysisRunner will not be running.
RoslynAnalysisRunner has terminated.
Mono: successfully reloaded assembly
- Completed reload, in  0,639 seconds
Platform modules already initialized, skipping
Refreshing native plugins compatible for Editor in 0,18 ms, found 0 plugins.
Preloading 0 native plugins for Editor in 0,00 ms.
Unloading 1120 Unused Serialized files (Serialized files now loaded: 0)
System memory in use before: 51,7 MB.
System memory in use after: 51,8 MB.

Unloading 5 unused Assets to reduce memory usage. Loaded Objects now: 1645.
Total: 2,297324 ms (FindLiveObjects: 0,131430 ms CreateObjectMapping: 0,035966 ms MarkObjects: 2,076175 ms  DeleteObjects: 0,052605 ms)

========================================================================
Received Prepare
Registering precompiled user dll's ...
Registered in 0,000398 seconds.
Begin MonoManager ReloadAssembly
Native extension for LinuxStandalone target not found
Native extension for WindowsStandalone target not found
Native extension for WebGL target not found
Refreshing native plugins compatible for Editor in 0,18 ms, found 0 plugins.
Preloading 0 native plugins for Editor in 0,00 ms.
Invoked RoslynAnalysisRunner static constructor.
RoslynAnalysisRunner will not be running.
RoslynAnalysisRunner has terminated.
Mono: successfully reloaded assembly
- Completed reload, in  0,656 seconds
Platform modules already initialized, skipping
Refreshing native plugins compatible for Editor in 0,20 ms, found 0 plugins.
Preloading 0 native plugins for Editor in 0,00 ms.
Unloading 1120 Unused Serialized files (Serialized files now loaded: 0)
System memory in use before: 51,7 MB.
System memory in use after: 51,8 MB.

Unloading 5 unused Assets to reduce memory usage. Loaded Objects now: 1648.
Total: 2,044956 ms (FindLiveObjects: 0,126278 ms CreateObjectMapping: 0,033323 ms MarkObjects: 1,830929 ms  DeleteObjects: 0,052908 ms)

========================================================================
Received Prepare
Registering precompiled user dll's ...
Registered in 0,000661 seconds.
Begin MonoManager ReloadAssembly
Native extension for LinuxStandalone target not found
Native extension for WindowsStandalone target not found
Native extension for WebGL target not found
Refreshing native plugins compatible for Editor in 0,18 ms, found 0 plugins.
Preloading 0 native plugins for Editor in 0,00 ms.
Invoked RoslynAnalysisRunner static constructor.
RoslynAnalysisRunner will not be running.
RoslynAnalysisRunner has terminated.
Mono: successfully reloaded assembly
- Completed reload, in  0,645 seconds
Platform modules already initialized, skipping
Refreshing native plugins compatible for Editor in 0,18 ms, found 0 plugins.
Preloading 0 native plugins for Editor in 0,00 ms.
Unloading 1120 Unused Serialized files (Serialized files now loaded: 0)
System memory in use before: 51,7 MB.
System memory in use after: 51,8 MB.

Unloading 5 unused Assets to reduce memory usage. Loaded Objects now: 1651.
Total: 2,014887 ms (FindLiveObjects: 0,114228 ms CreateObjectMapping: 0,027979 ms MarkObjects: 1,818454 ms  DeleteObjects: 0,053026 ms)

========================================================================
Received Import Request.
  Time since last request: 2758,247790 seconds.
  path: Assets/Scenes/Prefab
  artifactKey: Guid(631f5b524ba3384b884a2b39c1047d49) Importer(815301076,1909f56bfc062723c751e8b465ee728b)
Start importing Assets/Scenes/Prefab using Guid(631f5b524ba3384b884a2b39c1047d49) Importer(815301076,1909f56bfc062723c751e8b465ee728b)  -> (artifact id: '22c050d2e5915c5965ba8a38f7d631bc') in 0,003305 seconds
  Import took 0,005171 seconds .

========================================================================
Received Import Request.
  Time since last request: 0,003429 seconds.
  path: Assets/Scenes/Prefab
  artifactKey: Guid(631f5b524ba3384b884a2b39c1047d49) Importer(815301076,1909f56bfc062723c751e8b465ee728b)
Start importing Assets/Scenes/Prefab using Guid(631f5b524ba3384b884a2b39c1047d49) Importer(815301076,1909f56bfc062723c751e8b465ee728b)  -> (artifact id: '22c050d2e5915c5965ba8a38f7d631bc') in 0,000910 seconds
  Import took 0,002646 seconds .

========================================================================
Received Import Request.
  Time since last request: 29,652561 seconds.
  path: Assets/New Terrain.asset
  artifactKey: Guid(31e261aa5c48e73389a924dcdd2f9961) Importer(815301076,1909f56bfc062723c751e8b465ee728b)
Start importing Assets/New Terrain.asset using Guid(31e261aa5c48e73389a924dcdd2f9961) Importer(815301076,1909f56bfc062723c751e8b465ee728b)  -> (artifact id: 'd6b6e602a2a9d360808c37512b5fa4f5') in 0,011704 seconds
  Import took 0,013439 seconds .

========================================================================
Received Import Request.
  Time since last request: 66,579660 seconds.
  path: Assets/Script/Instantiate.cs
  artifactKey: Guid(ad0ebe01778cc9b559fbaec0c45d4081) Importer(815301076,1909f56bfc062723c751e8b465ee728b)
Start importing Assets/Script/Instantiate.cs using Guid(ad0ebe01778cc9b559fbaec0c45d4081) Importer(815301076,1909f56bfc062723c751e8b465ee728b)  -> (artifact id: '70f85d3731508bf212b0957c1209762b') in 0,001032 seconds
  Import took 0,002677 seconds .

========================================================================
Received Import Request.
  Time since last request: 0,002035 seconds.
  path: Assets/Script/Instantiate.cs
  artifactKey: Guid(ad0ebe01778cc9b559fbaec0c45d4081) Importer(815301076,1909f56bfc062723c751e8b465ee728b)
Start importing Assets/Script/Instantiate.cs using Guid(ad0ebe01778cc9b559fbaec0c45d4081) Importer(815301076,1909f56bfc062723c751e8b465ee728b)  -> (artifact id: '70f85d3731508bf212b0957c1209762b') in 0,000686 seconds
  Import took 0,002399 seconds .

========================================================================
Received Prepare
Registering precompiled user dll's ...
Registered in 0,000303 seconds.
Begin MonoManager ReloadAssembly
Native extension for LinuxStandalone target not found
Native extension for WindowsStandalone target not found
Native extension for WebGL target not found
Refreshing native plugins compatible for Editor in 0,21 ms, found 0 plugins.
Preloading 0 native plugins for Editor in 0,00 ms.
Invoked RoslynAnalysisRunner static constructor.
RoslynAnalysisRunner will not be running.
RoslynAnalysisRunner has terminated.
Mono: successfully reloaded assembly
- Completed reload, in  0,617 seconds
Platform modules already initialized, skipping
Refreshing native plugins compatible for Editor in 0,23 ms, found 0 plugins.
Preloading 0 native plugins for Editor in 0,00 ms.
Unloading 1121 Unused Serialized files (Serialized files now loaded: 0)
System memory in use before: 52,4 MB.
System memory in use after: 52,0 MB.

Unloading 7 unused Assets to reduce memory usage. Loaded Objects now: 1656.
Total: 2,918806 ms (FindLiveObjects: 0,188939 ms CreateObjectMapping: 0,055542 ms MarkObjects: 2,336360 ms  DeleteObjects: 0,335375 ms)

========================================================================
Received Import Request.
  Time since last request: 130,608210 seconds.
  path: Assets/Script/Instantiate.cs
  artifactKey: Guid(ad0ebe01778cc9b559fbaec0c45d4081) Importer(815301076,1909f56bfc062723c751e8b465ee728b)
Start importing Assets/Script/Instantiate.cs using Guid(ad0ebe01778cc9b559fbaec0c45d4081) Importer(815301076,1909f56bfc062723c751e8b465ee728b)  -> (artifact id: '314d952a226e3ced9575a4c3ae28b49b') in 0,003171 seconds
  Import took 0,005125 seconds .

========================================================================
Received Prepare
Registering precompiled user dll's ...
Registered in 0,000331 seconds.
Begin MonoManager ReloadAssembly
Native extension for LinuxStandalone target not found
Native extension for WindowsStandalone target not found
Native extension for WebGL target not found
Refreshing native plugins compatible for Editor in 0,17 ms, found 0 plugins.
Preloading 0 native plugins for Editor in 0,00 ms.
Invoked RoslynAnalysisRunner static constructor.
RoslynAnalysisRunner will not be running.
RoslynAnalysisRunner has terminated.
Mono: successfully reloaded assembly
- Completed reload, in  0,637 seconds
Platform modules already initialized, skipping
Refreshing native plugins compatible for Editor in 0,18 ms, found 0 plugins.
Preloading 0 native plugins for Editor in 0,00 ms.
Unloading 1121 Unused Serialized files (Serialized files now loaded: 0)
System memory in use before: 52,0 MB.
System memory in use after: 52,0 MB.

Unloading 5 unused Assets to reduce memory usage. Loaded Objects now: 1659.
Total: 2,197494 ms (FindLiveObjects: 0,130341 ms CreateObjectMapping: 0,024470 ms MarkObjects: 1,967960 ms  DeleteObjects: 0,073452 ms)

========================================================================
Received Import Request.
  Time since last request: 53,316278 seconds.
  path: Assets/Script/Prefab
  artifactKey: Guid(31ef7660cb4cf6ee4b871a9cb6d01c36) Importer(815301076,1909f56bfc062723c751e8b465ee728b)
Start importing Assets/Script/Prefab using Guid(31ef7660cb4cf6ee4b871a9cb6d01c36) Importer(815301076,1909f56bfc062723c751e8b465ee728b)  -> (artifact id: '2ef4bb6671f7a589267bc8aabeca2000') in 0,003026 seconds
  Import took 0,004733 seconds .

========================================================================
Received Import Request.
  Time since last request: 0,003782 seconds.
  path: Assets/Script/Prefab
  artifactKey: Guid(31ef7660cb4cf6ee4b871a9cb6d01c36) Importer(815301076,1909f56bfc062723c751e8b465ee728b)
Start importing Assets/Script/Prefab using Guid(31ef7660cb4cf6ee4b871a9cb6d01c36) Importer(815301076,1909f56bfc062723c751e8b465ee728b)  -> (artifact id: '2ef4bb6671f7a589267bc8aabeca2000') in 0,000937 seconds
  Import took 0,002788 seconds .

========================================================================
Received Import Request.
  Time since last request: 16,292350 seconds.
  path: Assets/Prefab/Sphere.prefab
  artifactKey: Guid(09d20854c56970562ab79d4eaac6dbec) Importer(815301076,1909f56bfc062723c751e8b465ee728b)
Start importing Assets/Prefab/Sphere.prefab using Guid(09d20854c56970562ab79d4eaac6dbec) Importer(815301076,1909f56bfc062723c751e8b465ee728b)  -> (artifact id: '74da61c0f2684731e266057d2a352123') in 0,076140 seconds
  Import took 0,077892 seconds .

========================================================================
Received Prepare
Registering precompiled user dll's ...
Registered in 0,000656 seconds.
Begin MonoManager ReloadAssembly
Native extension for LinuxStandalone target not found
Native extension for WindowsStandalone target not found
Native extension for WebGL target not found
Refreshing native plugins compatible for Editor in 0,18 ms, found 0 plugins.
Preloading 0 native plugins for Editor in 0,00 ms.
Invoked RoslynAnalysisRunner static constructor.
RoslynAnalysisRunner will not be running.
RoslynAnalysisRunner has terminated.
Mono: successfully reloaded assembly
- Completed reload, in  0,673 seconds
Platform modules already initialized, skipping
Refreshing native plugins compatible for Editor in 0,17 ms, found 0 plugins.
Preloading 0 native plugins for Editor in 0,00 ms.
Unloading 1121 Unused Serialized files (Serialized files now loaded: 0)
System memory in use before: 53,4 MB.
System memory in use after: 53,5 MB.

Unloading 6 unused Assets to reduce memory usage. Loaded Objects now: 1670.
Total: 1,933123 ms (FindLiveObjects: 0,111971 ms CreateObjectMapping: 0,029150 ms MarkObjects: 1,702304 ms  DeleteObjects: 0,088547 ms)

========================================================================
Received Prepare
Registering precompiled user dll's ...
Registered in 0,000324 seconds.
Begin MonoManager ReloadAssembly
Native extension for LinuxStandalone target not found
Native extension for WindowsStandalone target not found
Native extension for WebGL target not found
Refreshing native plugins compatible for Editor in 0,24 ms, found 0 plugins.
Preloading 0 native plugins for Editor in 0,00 ms.
Invoked RoslynAnalysisRunner static constructor.
RoslynAnalysisRunner will not be running.
RoslynAnalysisRunner has terminated.
Mono: successfully reloaded assembly
- Completed reload, in  0,667 seconds
Platform modules already initialized, skipping
Refreshing native plugins compatible for Editor in 0,18 ms, found 0 plugins.
Preloading 0 native plugins for Editor in 0,00 ms.
Unloading 1121 Unused Serialized files (Serialized files now loaded: 0)
System memory in use before: 53,4 MB.
System memory in use after: 53,5 MB.

Unloading 5 unused Assets to reduce memory usage. Loaded Objects now: 1673.
Total: 2,507895 ms (FindLiveObjects: 0,120918 ms CreateObjectMapping: 0,034436 ms MarkObjects: 2,279614 ms  DeleteObjects: 0,071447 ms)

========================================================================
Received Import Request.
  Time since last request: 123,075061 seconds.
  path: Assets/Script/FollowPlayer.cs
  artifactKey: Guid(22f727351fc02acea88a43940013a6ee) Importer(815301076,1909f56bfc062723c751e8b465ee728b)
Start importing Assets/Script/FollowPlayer.cs using Guid(22f727351fc02acea88a43940013a6ee) Importer(815301076,1909f56bfc062723c751e8b465ee728b)  -> (artifact id: 'a45d6780d052531748146f12a2c3150f') in 0,002762 seconds
  Import took 0,004570 seconds .

========================================================================
Received Import Request.
  Time since last request: 0,004691 seconds.
  path: Assets/Script/FollowPlayer.cs
  artifactKey: Guid(22f727351fc02acea88a43940013a6ee) Importer(815301076,1909f56bfc062723c751e8b465ee728b)
Start importing Assets/Script/FollowPlayer.cs using Guid(22f727351fc02acea88a43940013a6ee) Importer(815301076,1909f56bfc062723c751e8b465ee728b)  -> (artifact id: 'a45d6780d052531748146f12a2c3150f') in 0,000637 seconds
  Import took 0,002566 seconds .

========================================================================
Received Prepare
Registering precompiled user dll's ...
Registered in 0,000384 seconds.
Begin MonoManager ReloadAssembly
Native extension for LinuxStandalone target not found
Native extension for WindowsStandalone target not found
Native extension for WebGL target not found
Refreshing native plugins compatible for Editor in 0,21 ms, found 0 plugins.
Preloading 0 native plugins for Editor in 0,00 ms.
Invoked RoslynAnalysisRunner static constructor.
RoslynAnalysisRunner will not be running.
RoslynAnalysisRunner has terminated.
Mono: successfully reloaded assembly
- Completed reload, in  0,632 seconds
Platform modules already initialized, skipping
Refreshing native plugins compatible for Editor in 0,21 ms, found 0 plugins.
Preloading 0 native plugins for Editor in 0,00 ms.
Unloading 1121 Unused Serialized files (Serialized files now loaded: 0)
System memory in use before: 53,4 MB.
System memory in use after: 53,5 MB.

Unloading 5 unused Assets to reduce memory usage. Loaded Objects now: 1676.
Total: 1,964340 ms (FindLiveObjects: 0,118359 ms CreateObjectMapping: 0,030599 ms MarkObjects: 1,756995 ms  DeleteObjects: 0,057308 ms)

========================================================================
Received Prepare
Registering precompiled user dll's ...
Registered in 0,000322 seconds.
Begin MonoManager ReloadAssembly
Native extension for LinuxStandalone target not found
Native extension for WindowsStandalone target not found
Native extension for WebGL target not found
Refreshing native plugins compatible for Editor in 0,17 ms, found 0 plugins.
Preloading 0 native plugins for Editor in 0,00 ms.
Invoked RoslynAnalysisRunner static constructor.
RoslynAnalysisRunner will not be running.
RoslynAnalysisRunner has terminated.
Mono: successfully reloaded assembly
- Completed reload, in  0,634 seconds
Platform modules already initialized, skipping
Refreshing native plugins compatible for Editor in 0,25 ms, found 0 plugins.
Preloading 0 native plugins for Editor in 0,00 ms.
Unloading 1121 Unused Serialized files (Serialized files now loaded: 0)
System memory in use before: 53,4 MB.
System memory in use after: 53,5 MB.

Unloading 5 unused Assets to reduce memory usage. Loaded Objects now: 1679.
Total: 2,064050 ms (FindLiveObjects: 0,115704 ms CreateObjectMapping: 0,031261 ms MarkObjects: 1,859122 ms  DeleteObjects: 0,056288 ms)

========================================================================
Received Prepare
Registering precompiled user dll's ...
Registered in 0,000449 seconds.
Begin MonoManager ReloadAssembly
Native extension for LinuxStandalone target not found
Native extension for WindowsStandalone target not found
Native extension for WebGL target not found
Refreshing native plugins compatible for Editor in 0,18 ms, found 0 plugins.
Preloading 0 native plugins for Editor in 0,00 ms.
Invoked RoslynAnalysisRunner static constructor.
RoslynAnalysisRunner will not be running.
RoslynAnalysisRunner has terminated.
Mono: successfully reloaded assembly
- Completed reload, in  0,694 seconds
Platform modules already initialized, skipping
Refreshing native plugins compatible for Editor in 0,19 ms, found 0 plugins.
Preloading 0 native plugins for Editor in 0,00 ms.
Unloading 1121 Unused Serialized files (Serialized files now loaded: 0)
System memory in use before: 53,4 MB.
System memory in use after: 53,5 MB.

Unloading 5 unused Assets to reduce memory usage. Loaded Objects now: 1682.
Total: 2,116635 ms (FindLiveObjects: 0,143088 ms CreateObjectMapping: 0,047238 ms MarkObjects: 1,870306 ms  DeleteObjects: 0,054658 ms)

========================================================================
Received Prepare
Registering precompiled user dll's ...
Registered in 0,000388 seconds.
Begin MonoManager ReloadAssembly
Native extension for LinuxStandalone target not found
Native extension for WindowsStandalone target not found
Native extension for WebGL target not found
Refreshing native plugins compatible for Editor in 0,18 ms, found 0 plugins.
Preloading 0 native plugins for Editor in 0,00 ms.
Invoked RoslynAnalysisRunner static constructor.
RoslynAnalysisRunner will not be running.
RoslynAnalysisRunner has terminated.
Mono: successfully reloaded assembly
- Completed reload, in  0,646 seconds
Platform modules already initialized, skipping
Refreshing native plugins compatible for Editor in 0,25 ms, found 0 plugins.
Preloading 0 native plugins for Editor in 0,00 ms.
Unloading 1121 Unused Serialized files (Serialized files now loaded: 0)
System memory in use before: 53,4 MB.
System memory in use after: 53,5 MB.

Unloading 5 unused Assets to reduce memory usage. Loaded Objects now: 1685.
Total: 2,171083 ms (FindLiveObjects: 0,137991 ms CreateObjectMapping: 0,034277 ms MarkObjects: 1,920936 ms  DeleteObjects: 0,076450 ms)

========================================================================
Received Prepare
Registering precompiled user dll's ...
Registered in 0,000322 seconds.
Begin MonoManager ReloadAssembly
Native extension for LinuxStandalone target not found
Native extension for WindowsStandalone target not found
Native extension for WebGL target not found
Refreshing native plugins compatible for Editor in 0,21 ms, found 0 plugins.
Preloading 0 native plugins for Editor in 0,00 ms.
Invoked RoslynAnalysisRunner static constructor.
RoslynAnalysisRunner will not be running.
RoslynAnalysisRunner has terminated.
Mono: successfully reloaded assembly
- Completed reload, in  0,644 seconds
Platform modules already initialized, skipping
Refreshing native plugins compatible for Editor in 0,23 ms, found 0 plugins.
Preloading 0 native plugins for Editor in 0,00 ms.
Unloading 1121 Unused Serialized files (Serialized files now loaded: 0)
System memory in use before: 53,4 MB.
System memory in use after: 53,5 MB.

Unloading 5 unused Assets to reduce memory usage. Loaded Objects now: 1688.
Total: 2,095150 ms (FindLiveObjects: 0,117945 ms CreateObjectMapping: 0,031680 ms MarkObjects: 1,871467 ms  DeleteObjects: 0,072678 ms)

========================================================================
Received Import Request.
  Time since last request: 721,695487 seconds.
  path: Assets/Prefab/Sphere.prefab
  artifactKey: Guid(09d20854c56970562ab79d4eaac6dbec) Importer(815301076,1909f56bfc062723c751e8b465ee728b)
Start importing Assets/Prefab/Sphere.prefab using Guid(09d20854c56970562ab79d4eaac6dbec) Importer(815301076,1909f56bfc062723c751e8b465ee728b)  -> (artifact id: 'a7188bee5bf6880da1c614bc4b154036') in 0,055867 seconds
  Import took 0,058404 seconds .

========================================================================
Received Import Request.
  Time since last request: 0,075281 seconds.
  path: Assets/Prefab/Sphere.prefab
  artifactKey: Guid(09d20854c56970562ab79d4eaac6dbec) Importer(815301076,1909f56bfc062723c751e8b465ee728b)
Start importing Assets/Prefab/Sphere.prefab using Guid(09d20854c56970562ab79d4eaac6dbec) Importer(815301076,1909f56bfc062723c751e8b465ee728b)  -> (artifact id: 'a7188bee5bf6880da1c614bc4b154036') in 0,004229 seconds
  Import took 0,005953 seconds .

========================================================================
Received Prepare
Registering precompiled user dll's ...
Registered in 0,000400 seconds.
Begin MonoManager ReloadAssembly
Native extension for LinuxStandalone target not found
Native extension for WindowsStandalone target not found
Native extension for WebGL target not found
Refreshing native plugins compatible for Editor in 0,18 ms, found 0 plugins.
Preloading 0 native plugins for Editor in 0,00 ms.
Invoked RoslynAnalysisRunner static constructor.
RoslynAnalysisRunner will not be running.
RoslynAnalysisRunner has terminated.
Mono: successfully reloaded assembly
- Completed reload, in  0,660 seconds
Platform modules already initialized, skipping
Refreshing native plugins compatible for Editor in 0,21 ms, found 0 plugins.
Preloading 0 native plugins for Editor in 0,00 ms.
Unloading 1121 Unused Serialized files (Serialized files now loaded: 0)
System memory in use before: 53,5 MB.
System memory in use after: 53,5 MB.

Unloading 6 unused Assets to reduce memory usage. Loaded Objects now: 1692.
Total: 2,073855 ms (FindLiveObjects: 0,137347 ms CreateObjectMapping: 0,036625 ms MarkObjects: 1,836595 ms  DeleteObjects: 0,062123 ms)

========================================================================
Received Import Request.
  Time since last request: 42,830631 seconds.
  path: Assets/Script/OnCollider.cs
  artifactKey: Guid(9ecc46dc3cd4a08868c0d0c48a33f621) Importer(815301076,1909f56bfc062723c751e8b465ee728b)
Start importing Assets/Script/OnCollider.cs using Guid(9ecc46dc3cd4a08868c0d0c48a33f621) Importer(815301076,1909f56bfc062723c751e8b465ee728b)  -> (artifact id: '8653e99cb8b20ed01c24e394b6539f5e') in 0,003569 seconds
  Import took 0,005956 seconds .

========================================================================
Received Prepare
Registering precompiled user dll's ...
Registered in 0,000318 seconds.
Begin MonoManager ReloadAssembly
Native extension for LinuxStandalone target not found
Native extension for WindowsStandalone target not found
Native extension for WebGL target not found
Refreshing native plugins compatible for Editor in 0,18 ms, found 0 plugins.
Preloading 0 native plugins for Editor in 0,00 ms.
Invoked RoslynAnalysisRunner static constructor.
RoslynAnalysisRunner will not be running.
RoslynAnalysisRunner has terminated.
Mono: successfully reloaded assembly
- Completed reload, in  0,660 seconds
Platform modules already initialized, skipping
Refreshing native plugins compatible for Editor in 0,18 ms, found 0 plugins.
Preloading 0 native plugins for Editor in 0,00 ms.
Unloading 1122 Unused Serialized files (Serialized files now loaded: 0)
System memory in use before: 53,5 MB.
System memory in use after: 53,6 MB.

Unloading 5 unused Assets to reduce memory usage. Loaded Objects now: 1696.
Total: 2,360437 ms (FindLiveObjects: 0,125634 ms CreateObjectMapping: 0,031792 ms MarkObjects: 2,144260 ms  DeleteObjects: 0,057232 ms)

========================================================================
Received Import Request.
  Time since last request: 68,769195 seconds.
  path: Assets/Script/OnCollider.cs
  artifactKey: Guid(9ecc46dc3cd4a08868c0d0c48a33f621) Importer(815301076,1909f56bfc062723c751e8b465ee728b)
Start importing Assets/Script/OnCollider.cs using Guid(9ecc46dc3cd4a08868c0d0c48a33f621) Importer(815301076,1909f56bfc062723c751e8b465ee728b)  -> (artifact id: 'bb8c9a6cf315a0a0babd157ec9a9b323') in 0,003583 seconds
  Import took 0,005357 seconds .

========================================================================
Received Import Request.
  Time since last request: 0,002737 seconds.
  path: Assets/Script/OnCollider.cs
  artifactKey: Guid(9ecc46dc3cd4a08868c0d0c48a33f621) Importer(815301076,1909f56bfc062723c751e8b465ee728b)
Start importing Assets/Script/OnCollider.cs using Guid(9ecc46dc3cd4a08868c0d0c48a33f621) Importer(815301076,1909f56bfc062723c751e8b465ee728b)  -> (artifact id: 'bb8c9a6cf315a0a0babd157ec9a9b323') in 0,001068 seconds
  Import took 0,002748 seconds .

========================================================================
Received Prepare
Registering precompiled user dll's ...
Registered in 0,000318 seconds.
Begin MonoManager ReloadAssembly
Native extension for LinuxStandalone target not found
Native extension for WindowsStandalone target not found
Native extension for WebGL target not found
Refreshing native plugins compatible for Editor in 0,26 ms, found 0 plugins.
Preloading 0 native plugins for Editor in 0,00 ms.
Invoked RoslynAnalysisRunner static constructor.
RoslynAnalysisRunner will not be running.
RoslynAnalysisRunner has terminated.
Mono: successfully reloaded assembly
- Completed reload, in  0,632 seconds
Platform modules already initialized, skipping
Refreshing native plugins compatible for Editor in 0,16 ms, found 0 plugins.
Preloading 0 native plugins for Editor in 0,00 ms.
Unloading 1122 Unused Serialized files (Serialized files now loaded: 0)
System memory in use before: 53,5 MB.
System memory in use after: 53,6 MB.

Unloading 5 unused Assets to reduce memory usage. Loaded Objects now: 1699.
Total: 2,334757 ms (FindLiveObjects: 0,137368 ms CreateObjectMapping: 0,033959 ms MarkObjects: 2,103904 ms  DeleteObjects: 0,058197 ms)

========================================================================
Received Import Request.
  Time since last request: 23,746372 seconds.
  path: Assets/Prefab/Sphere.prefab
  artifactKey: Guid(09d20854c56970562ab79d4eaac6dbec) Importer(815301076,1909f56bfc062723c751e8b465ee728b)
Start importing Assets/Prefab/Sphere.prefab using Guid(09d20854c56970562ab79d4eaac6dbec) Importer(815301076,1909f56bfc062723c751e8b465ee728b)  -> (artifact id: '0581576eee7fc666b88155bb8f2b7dcd') in 0,051218 seconds
  Import took 0,052917 seconds .

========================================================================
Received Import Request.
  Time since last request: 2,436191 seconds.
  path: Assets/Prefab/Sphere.prefab
  artifactKey: Guid(09d20854c56970562ab79d4eaac6dbec) Importer(815301076,1909f56bfc062723c751e8b465ee728b)
Start importing Assets/Prefab/Sphere.prefab using Guid(09d20854c56970562ab79d4eaac6dbec) Importer(815301076,1909f56bfc062723c751e8b465ee728b)  -> (artifact id: '9cef127b71adf29b74ccc6847b4b2a8b') in 0,005877 seconds
  Import took 0,007612 seconds .

========================================================================
Received Prepare
Registering precompiled user dll's ...
Registered in 0,000388 seconds.
Begin MonoManager ReloadAssembly
Native extension for LinuxStandalone target not found
Native extension for WindowsStandalone target not found
Native extension for WebGL target not found
Refreshing native plugins compatible for Editor in 0,22 ms, found 0 plugins.
Preloading 0 native plugins for Editor in 0,00 ms.
Invoked RoslynAnalysisRunner static constructor.
RoslynAnalysisRunner will not be running.
RoslynAnalysisRunner has terminated.
Mono: successfully reloaded assembly
- Completed reload, in  0,673 seconds
Platform modules already initialized, skipping
Refreshing native plugins compatible for Editor in 0,18 ms, found 0 plugins.
Preloading 0 native plugins for Editor in 0,00 ms.
Unloading 1122 Unused Serialized files (Serialized files now loaded: 0)
System memory in use before: 53,5 MB.
System memory in use after: 53,6 MB.

Unloading 6 unused Assets to reduce memory usage. Loaded Objects now: 1703.
Total: 2,402303 ms (FindLiveObjects: 0,150571 ms CreateObjectMapping: 0,035762 ms MarkObjects: 2,152944 ms  DeleteObjects: 0,061940 ms)

========================================================================
Received Prepare
Registering precompiled user dll's ...
Registered in 0,000359 seconds.
Begin MonoManager ReloadAssembly
Native extension for LinuxStandalone target not found
Native extension for WindowsStandalone target not found
Native extension for WebGL target not found
Refreshing native plugins compatible for Editor in 0,23 ms, found 0 plugins.
Preloading 0 native plugins for Editor in 0,00 ms.
Invoked RoslynAnalysisRunner static constructor.
RoslynAnalysisRunner will not be running.
RoslynAnalysisRunner has terminated.
Mono: successfully reloaded assembly
- Completed reload, in  0,686 seconds
Platform modules already initialized, skipping
Refreshing native plugins compatible for Editor in 0,21 ms, found 0 plugins.
Preloading 0 native plugins for Editor in 0,00 ms.
Unloading 1122 Unused Serialized files (Serialized files now loaded: 0)
System memory in use before: 53,5 MB.
System memory in use after: 53,6 MB.

Unloading 5 unused Assets to reduce memory usage. Loaded Objects now: 1706.
Total: 2,011789 ms (FindLiveObjects: 0,126286 ms CreateObjectMapping: 0,032155 ms MarkObjects: 1,794143 ms  DeleteObjects: 0,057689 ms)

========================================================================
Received Prepare
Registering precompiled user dll's ...
Registered in 0,000336 seconds.
Begin MonoManager ReloadAssembly
Native extension for LinuxStandalone target not found
Native extension for WindowsStandalone target not found
Native extension for WebGL target not found
Refreshing native plugins compatible for Editor in 0,30 ms, found 0 plugins.
Preloading 0 native plugins for Editor in 0,00 ms.
Invoked RoslynAnalysisRunner static constructor.
RoslynAnalysisRunner will not be running.
RoslynAnalysisRunner has terminated.
Mono: successfully reloaded assembly
- Completed reload, in  0,718 seconds
Platform modules already initialized, skipping
Refreshing native plugins compatible for Editor in 0,17 ms, found 0 plugins.
Preloading 0 native plugins for Editor in 0,00 ms.
Unloading 1122 Unused Serialized files (Serialized files now loaded: 0)
System memory in use before: 53,5 MB.
System memory in use after: 53,6 MB.

Unloading 5 unused Assets to reduce memory usage. Loaded Objects now: 1709.
Total: 2,430258 ms (FindLiveObjects: 0,171843 ms CreateObjectMapping: 0,032204 ms MarkObjects: 2,170651 ms  DeleteObjects: 0,054386 ms)

========================================================================
Received Prepare
Registering precompiled user dll's ...
Registered in 0,000388 seconds.
Begin MonoManager ReloadAssembly
Native extension for LinuxStandalone target not found
Native extension for WindowsStandalone target not found
Native extension for WebGL target not found
Refreshing native plugins compatible for Editor in 0,18 ms, found 0 plugins.
Preloading 0 native plugins for Editor in 0,00 ms.
Invoked RoslynAnalysisRunner static constructor.
RoslynAnalysisRunner will not be running.
RoslynAnalysisRunner has terminated.
Mono: successfully reloaded assembly
- Completed reload, in  0,710 seconds
Platform modules already initialized, skipping
Refreshing native plugins compatible for Editor in 0,35 ms, found 0 plugins.
Preloading 0 native plugins for Editor in 0,00 ms.
Unloading 1122 Unused Serialized files (Serialized files now loaded: 0)
System memory in use before: 53,5 MB.
System memory in use after: 53,6 MB.

Unloading 5 unused Assets to reduce memory usage. Loaded Objects now: 1712.
Total: 2,167359 ms (FindLiveObjects: 0,152727 ms CreateObjectMapping: 0,036827 ms MarkObjects: 1,917243 ms  DeleteObjects: 0,058757 ms)

========================================================================
Received Prepare
Registering precompiled user dll's ...
Registered in 0,000364 seconds.
Begin MonoManager ReloadAssembly
Native extension for LinuxStandalone target not found
Native extension for WindowsStandalone target not found
Native extension for WebGL target not found
Refreshing native plugins compatible for Editor in 0,18 ms, found 0 plugins.
Preloading 0 native plugins for Editor in 0,00 ms.
Invoked RoslynAnalysisRunner static constructor.
RoslynAnalysisRunner will not be running.
RoslynAnalysisRunner has terminated.
Mono: successfully reloaded assembly
- Completed reload, in  0,673 seconds
Platform modules already initialized, skipping
Refreshing native plugins compatible for Editor in 0,17 ms, found 0 plugins.
Preloading 0 native plugins for Editor in 0,00 ms.
Unloading 1122 Unused Serialized files (Serialized files now loaded: 0)
System memory in use before: 53,5 MB.
System memory in use after: 53,6 MB.

Unloading 5 unused Assets to reduce memory usage. Loaded Objects now: 1715.
Total: 2,199140 ms (FindLiveObjects: 0,119372 ms CreateObjectMapping: 0,028944 ms MarkObjects: 1,992736 ms  DeleteObjects: 0,056837 ms)

========================================================================
Received Import Request.
  Time since last request: 156,551564 seconds.
  path: Assets/Script/OnCollider.cs
  artifactKey: Guid(9ecc46dc3cd4a08868c0d0c48a33f621) Importer(815301076,1909f56bfc062723c751e8b465ee728b)
Start importing Assets/Script/OnCollider.cs using Guid(9ecc46dc3cd4a08868c0d0c48a33f621) Importer(815301076,1909f56bfc062723c751e8b465ee728b)  -> (artifact id: '9f6f708535cfba30ac68d73f1799976f') in 0,002396 seconds
  Import took 0,004064 seconds .

========================================================================
Received Import Request.
  Time since last request: 0,014861 seconds.
  path: Assets/Script/OnCollider.cs
  artifactKey: Guid(9ecc46dc3cd4a08868c0d0c48a33f621) Importer(815301076,1909f56bfc062723c751e8b465ee728b)
Start importing Assets/Script/OnCollider.cs using Guid(9ecc46dc3cd4a08868c0d0c48a33f621) Importer(815301076,1909f56bfc062723c751e8b465ee728b)  -> (artifact id: '9f6f708535cfba30ac68d73f1799976f') in 0,000539 seconds
  Import took 0,002281 seconds .

========================================================================
Received Import Request.
  Time since last request: 5,168821 seconds.
  path: Assets/Prefab/Sphere.prefab
  artifactKey: Guid(09d20854c56970562ab79d4eaac6dbec) Importer(815301076,1909f56bfc062723c751e8b465ee728b)
Start importing Assets/Prefab/Sphere.prefab using Guid(09d20854c56970562ab79d4eaac6dbec) Importer(815301076,1909f56bfc062723c751e8b465ee728b)  -> (artifact id: '9453ad95e6e5ec4bf71a6ded8e35501d') in 0,054509 seconds
  Import took 0,056279 seconds .

========================================================================
Received Import Request.
  Time since last request: 0,078066 seconds.
  path: Assets/Prefab/Sphere.prefab
  artifactKey: Guid(09d20854c56970562ab79d4eaac6dbec) Importer(815301076,1909f56bfc062723c751e8b465ee728b)
Start importing Assets/Prefab/Sphere.prefab using Guid(09d20854c56970562ab79d4eaac6dbec) Importer(815301076,1909f56bfc062723c751e8b465ee728b)  -> (artifact id: '9453ad95e6e5ec4bf71a6ded8e35501d') in 0,004292 seconds
  Import took 0,006160 seconds .

========================================================================
Received Prepare
Registering precompiled user dll's ...
Registered in 0,000415 seconds.
Begin MonoManager ReloadAssembly
Native extension for LinuxStandalone target not found
Native extension for WindowsStandalone target not found
Native extension for WebGL target not found
Refreshing native plugins compatible for Editor in 0,19 ms, found 0 plugins.
Preloading 0 native plugins for Editor in 0,00 ms.
Invoked RoslynAnalysisRunner static constructor.
RoslynAnalysisRunner will not be running.
RoslynAnalysisRunner has terminated.
Mono: successfully reloaded assembly
- Completed reload, in  0,743 seconds
Platform modules already initialized, skipping
Refreshing native plugins compatible for Editor in 0,17 ms, found 0 plugins.
Preloading 0 native plugins for Editor in 0,00 ms.
Unloading 1122 Unused Serialized files (Serialized files now loaded: 0)
System memory in use before: 53,5 MB.
System memory in use after: 53,6 MB.

Unloading 6 unused Assets to reduce memory usage. Loaded Objects now: 1719.
Total: 2,176589 ms (FindLiveObjects: 0,117925 ms CreateObjectMapping: 0,028216 ms MarkObjects: 1,965975 ms  DeleteObjects: 0,062864 ms)

========================================================================
Received Import Request.
  Time since last request: 2,857753 seconds.
  path: Assets/Prefab/Sphere.prefab
  artifactKey: Guid(09d20854c56970562ab79d4eaac6dbec) Importer(815301076,1909f56bfc062723c751e8b465ee728b)
Start importing Assets/Prefab/Sphere.prefab using Guid(09d20854c56970562ab79d4eaac6dbec) Importer(815301076,1909f56bfc062723c751e8b465ee728b)  -> (artifact id: 'b13d5f22d87b69a8302f9932994626a5') in 0,050280 seconds
  Import took 0,052305 seconds .

========================================================================
Received Prepare
Registering precompiled user dll's ...
Registered in 0,000344 seconds.
Begin MonoManager ReloadAssembly
Native extension for LinuxStandalone target not found
Native extension for WindowsStandalone target not found
Native extension for WebGL target not found
Refreshing native plugins compatible for Editor in 0,21 ms, found 0 plugins.
Preloading 0 native plugins for Editor in 0,00 ms.
Invoked RoslynAnalysisRunner static constructor.
RoslynAnalysisRunner will not be running.
RoslynAnalysisRunner has terminated.
Mono: successfully reloaded assembly
- Completed reload, in  0,651 seconds
Platform modules already initialized, skipping
Refreshing native plugins compatible for Editor in 0,16 ms, found 0 plugins.
Preloading 0 native plugins for Editor in 0,00 ms.
Unloading 1122 Unused Serialized files (Serialized files now loaded: 0)
System memory in use before: 53,5 MB.
System memory in use after: 53,6 MB.

Unloading 6 unused Assets to reduce memory usage. Loaded Objects now: 1723.
Total: 2,279684 ms (FindLiveObjects: 0,121455 ms CreateObjectMapping: 0,032907 ms MarkObjects: 2,030610 ms  DeleteObjects: 0,093428 ms)

AssetImportWorkerClient::OnTransportError - code=2 error=End of file
